<?xml version="1.0" encoding="utf-8"?><testsuites name="pytest tests"><testsuite name="pytest" errors="0" failures="0" skipped="0" tests="20" time="0.293" timestamp="2026-09-20T10:21:40.619524+04:00" hostname="MacBook-Pro-Ruslan.local"><testcase classname="tests.unit.test_domain.TestParsing" name="test_reads_the_fields_the_notifier_needs" time="0.023" /><testcase classname="tests.unit.test_domain.TestParsing" name="test_a_field_we_do_not_know_is_ignored" time="0.000" /><testcase classname="tests.unit.test_domain.TestParsing" name="test_a_missing_field_is_not_an_event[event_id]" time="0.000" /><testcase classname="tests.unit.test_domain.TestParsing" name="test_a_missing_field_is_not_an_event[type]" time="0.000" /><testcase classname="tests.unit.test_domain.TestParsing" name="test_a_missing_field_is_not_an_event[booking_id]" time="0.000" /><testcase classname="tests.unit.test_domain.TestParsing" name="test_a_missing_field_is_not_an_event[client_id]" time="0.000" /><testcase classname="tests.unit.test_domain.TestParsing" name="test_a_missing_field_is_not_an_event[starts_at]" time="0.000" /><testcase classname="tests.unit.test_domain.TestParsing" name="test_a_broken_date_is_not_an_event" time="0.000" /><testcase classname="tests.unit.test_domain.TestText" name="test_every_known_event_has_a_text_with_the_time_in_it[booking.cancelled]" time="0.000" /><testcase classname="tests.unit.test_domain.TestText" name="test_every_known_event_has_a_text_with_the_time_in_it[booking.confirmed]" time="0.000" /><testcase classname="tests.unit.test_domain.TestText" name="test_every_known_event_has_a_text_with_the_time_in_it[booking.expired]" time="0.000" /><testcase classname="tests.unit.test_domain.TestText" name="test_confirmation_says_it_is_confirmed" time="0.000" /><testcase classname="tests.unit.test_domain.TestText" name="test_cancellation_says_it_is_cancelled" time="0.000" /><testcase classname="tests.unit.test_domain.TestText" name="test_expiry_says_the_slot_is_free" time="0.000" /><testcase classname="tests.unit.test_domain.TestText" name="test_an_event_we_do_not_know_produces_no_message" time="0.000" /><testcase classname="tests.unit.test_health" name="test_health_reports_service_and_version" time="0.055" /><testcase classname="tests.unit.test_health" name="test_health_reports_unknown_build_when_sha_was_not_provided[variable-missing]" time="0.002" /><testcase classname="tests.unit.test_health" name="test_health_reports_unknown_build_when_sha_was_not_provided[variable-empty]" time="0.002" /><testcase classname="tests.unit.test_heartbeat" name="test_every_cycle_rewrites_the_file" time="0.001" /><testcase classname="tests.unit.test_heartbeat" name="test_without_a_path_nothing_is_written" time="0.000" /></testsuite></testsuites>